Arguments: 
  /usr/local/bin/node /usr/local/bin/yarn add @gridsome/source-filesystem

PATH: 
  /Library/Frameworks/Python.framework/Versions/3.7/bin:/usr/local/bin:/usr/bin:/bin:/usr/sbin:/sbin:/usr/local/share/dotnet:~/.dotnet/tools:/Library/Frameworks/Mono.framework/Versions/Current/Commands:/Library/Frameworks/Python.framework/Versions/3.7/bin:/Users/hongyiliu/.dotnet/tools:/Users/hongyiliu/.dotnet/tools

Yarn version: 
  1.22.4

Node version: 
  12.14.1

Platform: 
  darwin x64

Trace: 
  Error: ENOENT: no such file or directory, copyfile '/Users/hongyiliu/Library/Caches/Yarn/v6/npm-ansi-regex-4.1.0-8b9f8f08cf1acb843756a839ca8c7e3168c51997-integrity/node_modules/ansi-regex/index.js' -> '/Users/hongyiliu/blog-with-gridsome/node_modules/ansi-align/node_modules/ansi-regex/index.js'

npm manifest: 
  {
    "name": "blog-with-gridsome",
    "private": true,
    "scripts": {
      "build": "gridsome build",
      "develop": "gridsome develop",
      "explore": "gridsome explore"
    },
    "dependencies": {
      "gridsome": "^0.7.0"
    }
  }

yarn manifest: 
  No manifest

Lockfile: 
  No lockfile
